<?xml version="1.0" encoding="UTF-8"?>
<robot generator="Robot 6.0.1 (Python 3.11.1 on win32)" generated="20230111 14:24:12.635" rpa="false" schemaversion="3">
<suite id="s1" name="Script" source="S:\Automation_Testing\icp\script.robot">
<test id="s1-t1" name="verify if the homepage is reachable" line="7">
<kw name="Open Browser" library="Selenium2Library">
<arg>https://icp.edu.pk</arg>
<arg>${BROWSER}</arg>
<doc>Opens a new browser instance to the optional ``url``.</doc>
<msg timestamp="20230111 14:24:13.047" level="INFO">Opening browser 'chrome' to base url 'https://icp.edu.pk'.</msg>
<status status="PASS" starttime="20230111 14:24:13.046" endtime="20230111 14:24:36.737"/>
</kw>
<kw name="Maximize Browser Window" library="Selenium2Library">
<doc>Maximizes current browser window.</doc>
<status status="PASS" starttime="20230111 14:24:36.739" endtime="20230111 14:24:36.866"/>
</kw>
<kw name="Wait Until Page Contains" library="Selenium2Library">
<arg>Islamia College Peshawar</arg>
<doc>Waits until ``text`` appears on the current page.</doc>
<status status="PASS" starttime="20230111 14:24:36.867" endtime="20230111 14:24:36.898"/>
</kw>
<kw name="Close Browser" library="Selenium2Library">
<doc>Closes the current browser.</doc>
<status status="PASS" starttime="20230111 14:24:36.899" endtime="20230111 14:24:39.196"/>
</kw>
<status status="PASS" starttime="20230111 14:24:13.045" endtime="20230111 14:24:39.198"/>
</test>
<test id="s1-t2" name="verify if search function is working using Enter key" line="14">
<kw name="Open Browser" library="Selenium2Library">
<arg>https://icp.edu.pk</arg>
<arg>${BROWSER}</arg>
<doc>Opens a new browser instance to the optional ``url``.</doc>
<msg timestamp="20230111 14:24:39.210" level="INFO">Opening browser 'chrome' to base url 'https://icp.edu.pk'.</msg>
<status status="PASS" starttime="20230111 14:24:39.207" endtime="20230111 14:25:13.564"/>
</kw>
<kw name="Maximize Browser Window" library="Selenium2Library">
<doc>Maximizes current browser window.</doc>
<status status="PASS" starttime="20230111 14:25:13.566" endtime="20230111 14:25:13.723"/>
</kw>
<kw name="Wait Until Page Contains" library="Selenium2Library">
<arg>Islamia College Peshawar</arg>
<doc>Waits until ``text`` appears on the current page.</doc>
<status status="PASS" starttime="20230111 14:25:13.724" endtime="20230111 14:25:13.749"/>
</kw>
<kw name="Input Text" library="Selenium2Library">
<arg>css=#gsc-i-id1</arg>
<arg>jobs</arg>
<doc>Types the given ``text`` into the text field identified by ``locator``.</doc>
<msg timestamp="20230111 14:25:13.751" level="INFO">Typing text 'jobs' into text field 'css=#gsc-i-id1'.</msg>
<status status="PASS" starttime="20230111 14:25:13.750" endtime="20230111 14:25:13.894"/>
</kw>
<kw name="Press Keys" library="Selenium2Library">
<arg>css=#gsc-i-id1</arg>
<arg>ENTER</arg>
<doc>Simulates the user pressing key(s) to an element or on the active browser.</doc>
<msg timestamp="20230111 14:25:13.896" level="INFO">Sending key(s) ('ENTER',) to css=#gsc-i-id1 element.</msg>
<msg timestamp="20230111 14:25:14.210" level="INFO">Pressing special key ENTER to element.</msg>
<msg timestamp="20230111 14:25:14.210" level="INFO">Releasing special key ENTER.</msg>
<status status="PASS" starttime="20230111 14:25:13.895" endtime="20230111 14:25:16.689"/>
</kw>
<kw name="Wait Until Page Contains" library="Selenium2Library">
<arg>Sort by:</arg>
<doc>Waits until ``text`` appears on the current page.</doc>
<status status="PASS" starttime="20230111 14:25:16.690" endtime="20230111 14:25:16.722"/>
</kw>
<kw name="Close Browser" library="Selenium2Library">
<doc>Closes the current browser.</doc>
<status status="PASS" starttime="20230111 14:25:16.722" endtime="20230111 14:25:18.905"/>
</kw>
<status status="PASS" starttime="20230111 14:24:39.204" endtime="20230111 14:25:18.907"/>
</test>
<test id="s1-t3" name="verify if search function is working using search button" line="24">
<kw name="Open Browser" library="Selenium2Library">
<arg>https://icp.edu.pk</arg>
<arg>${BROWSER}</arg>
<doc>Opens a new browser instance to the optional ``url``.</doc>
<msg timestamp="20230111 14:25:18.921" level="INFO">Opening browser 'chrome' to base url 'https://icp.edu.pk'.</msg>
<status status="PASS" starttime="20230111 14:25:18.917" endtime="20230111 14:25:29.155"/>
</kw>
<kw name="Maximize Browser Window" library="Selenium2Library">
<doc>Maximizes current browser window.</doc>
<status status="PASS" starttime="20230111 14:25:29.157" endtime="20230111 14:25:29.305"/>
</kw>
<kw name="Wait Until Page Contains" library="Selenium2Library">
<arg>Islamia College Peshawar</arg>
<doc>Waits until ``text`` appears on the current page.</doc>
<status status="PASS" starttime="20230111 14:25:29.306" endtime="20230111 14:25:29.337"/>
</kw>
<kw name="Input Text" library="Selenium2Library">
<arg>css=#gsc-i-id1</arg>
<arg>jobs</arg>
<doc>Types the given ``text`` into the text field identified by ``locator``.</doc>
<msg timestamp="20230111 14:25:29.340" level="INFO">Typing text 'jobs' into text field 'css=#gsc-i-id1'.</msg>
<status status="PASS" starttime="20230111 14:25:29.339" endtime="20230111 14:25:29.491"/>
</kw>
<kw name="Click Button" library="Selenium2Library">
<arg>xpath=//*[@id="___gcse_0"]/div/form/table/tbody/tr/td[2]/button</arg>
<doc>Clicks the button identified by ``locator``.</doc>
<msg timestamp="20230111 14:25:29.493" level="INFO">Clicking button 'xpath=//*[@id="___gcse_0"]/div/form/table/tbody/tr/td[2]/button'.</msg>
<status status="PASS" starttime="20230111 14:25:29.492" endtime="20230111 14:25:32.149"/>
</kw>
<kw name="Wait Until Page Contains" library="Selenium2Library">
<arg>Sort by:</arg>
<doc>Waits until ``text`` appears on the current page.</doc>
<status status="PASS" starttime="20230111 14:25:32.150" endtime="20230111 14:25:32.182"/>
</kw>
<kw name="Close Browser" library="Selenium2Library">
<doc>Closes the current browser.</doc>
<status status="PASS" starttime="20230111 14:25:32.183" endtime="20230111 14:25:34.375"/>
</kw>
<tag>searchbutton</tag>
<status status="PASS" starttime="20230111 14:25:18.914" endtime="20230111 14:25:34.377"/>
</test>
<status status="PASS" starttime="20230111 14:24:12.637" endtime="20230111 14:25:34.382"/>
</suite>
<statistics>
<total>
<stat pass="3" fail="0" skip="0">All Tests</stat>
</total>
<tag>
<stat pass="1" fail="0" skip="0">searchbutton</stat>
</tag>
<suite>
<stat pass="3" fail="0" skip="0" id="s1" name="Script">Script</stat>
</suite>
</statistics>
<errors>
</errors>
</robot>
